<?xml version="1.0" encoding="UTF-8"?>
<testng-results ignored="0" total="1" passed="1" failed="0" skipped="0">
  <reporter-output>
  </reporter-output>
  <suite started-at="2026-07-14T08:23:05 CEST" name="Suite" finished-at="2026-07-14T08:23:18 CEST" duration-ms="13472">
    <groups>
      <group name="Regression">
        <method signature="ManageNewsTest.manageNewsTestInformation()[pri:0, instance:testscript.ManageNewsTest@14bdbc74]" name="manageNewsTestInformation" class="testscript.ManageNewsTest"/>
      </group> <!-- Regression -->
    </groups>
    <test started-at="2026-07-14T08:23:05 CEST" name="Test" finished-at="2026-07-14T08:23:18 CEST" duration-ms="13472">
      <class name="testscript.ManageNewsTest">
        <test-method is-config="true" signature="initializebrowser(java.lang.String)[pri:0, instance:testscript.ManageNewsTest@14bdbc74]" started-at="2026-07-14T08:23:05 CEST" name="initializebrowser" finished-at="2026-07-14T08:23:10 CEST" duration-ms="5492" status="PASS">
          <params>
            <param index="0">
              <value>
                <![CDATA[chrome]]>
              </value>
            </param>
          </params>
          <reporter-output>
          </reporter-output>
        </test-method> <!-- initializebrowser -->
        <test-method signature="manageNewsTestInformation()[pri:0, instance:testscript.ManageNewsTest@14bdbc74]" started-at="2026-07-14T08:23:10 CEST" name="manageNewsTestInformation" finished-at="2026-07-14T08:23:17 CEST" duration-ms="7427" status="PASS">
          <reporter-output>
          </reporter-output>
        </test-method> <!-- manageNewsTestInformation -->
        <test-method is-config="true" signature="browserQuit(org.testng.ITestResult)[pri:0, instance:testscript.ManageNewsTest@14bdbc74]" started-at="2026-07-14T08:23:17 CEST" name="browserQuit" finished-at="2026-07-14T08:23:18 CEST" duration-ms="485" status="PASS">
          <params>
            <param index="0">
              <value>
                <![CDATA[[TestResult name=manageNewsTestInformation status=SUCCESS method=ManageNewsTest.manageNewsTestInformation()[pri:0, instance:testscript.ManageNewsTest@14bdbc74] output={null}]]]>
              </value>
            </param>
          </params>
          <reporter-output>
          </reporter-output>
        </test-method> <!-- browserQuit -->
      </class> <!-- testscript.ManageNewsTest -->
    </test> <!-- Test -->
  </suite> <!-- Suite -->
</testng-results>
