<?xml version="1.0" encoding="UTF-8"?>
<!-- Generated by org.testng.reporters.JUnitReportReporter -->
<testsuite hostname="Chillubi" failures="0" tests="3" name="testscript.ManageCategoryTest" time="96.225" errors="0" timestamp="2026-07-20T01:20:31 CEST" skipped="2">
  <testcase classname="testscript.ManageCategoryTest" name="ManageCategoryInformation" time="27.677"/>
  <testcase classname="testscript.ManageCategoryTest" name="ManageCategoryInformation" time="34.718">
    <skipped/>
  </testcase> <!-- ManageCategoryInformation -->
  <testcase classname="testscript.ManageCategoryTest" name="ManageCategoryInformation" time="33.830">
    <skipped/>
  </testcase> <!-- ManageCategoryInformation -->
</testsuite> <!-- testscript.ManageCategoryTest -->
