<?xml version="1.0" encoding="UTF-8"?>
<!-- Generated by org.testng.reporters.JUnitXMLReporter -->
<testsuite ignored="0" hostname="Chillubi" failures="0" tests="2" name="edgefoxTest" time="0.05" errors="0" timestamp="2026-07-09T21:19:49 CEST">
  <testcase classname="testscript.ManageNewsTest" name="manageNewsTestInformation" time="0.0">
    <skipped/>
  </testcase> <!-- manageNewsTestInformation -->
  <testcase classname="testscript.ManageDeliveryBoyTest" name="ManageDeliveryBoy" time="0.001">
    <skipped/>
  </testcase> <!-- ManageDeliveryBoy -->
</testsuite> <!-- edgefoxTest -->
